ERROR: [8] Undefined variable: fields
Notice on line 52 in file /home/jorge/projects/photoTourist_framework_v2_prettyurls/modules/camtourist/model/DAO/camtourist_dao.class.singleton.php
 | 12.12.2016 09:42:25  |  User:   |  | response 200
ERROR: [8] Undefined index: name
Notice on line 18 in file /home/jorge/projects/photoTourist_framework_v2_prettyurls/modules/users/model/DAO/users_dao.class.singleton.php
 | 12.12.2016 09:47:24  |  User:   | users | response 200
ERROR: [8] Undefined index: last_name
Notice on line 19 in file /home/jorge/projects/photoTourist_framework_v2_prettyurls/modules/users/model/DAO/users_dao.class.singleton.php
 | 12.12.2016 09:47:24  |  User:   | users | response 200
ERROR: [8] Undefined index: birth_date
Notice on line 20 in file /home/jorge/projects/photoTourist_framework_v2_prettyurls/modules/users/model/DAO/users_dao.class.singleton.php
 | 12.12.2016 09:47:24  |  User:   | users | response 200
ERROR: [8] Undefined index: title_date
Notice on line 21 in file /home/jorge/projects/photoTourist_framework_v2_prettyurls/modules/users/model/DAO/users_dao.class.singleton.php
 | 12.12.2016 09:47:24  |  User:   | users | response 200
ERROR: [8] Undefined index: address
Notice on line 22 in file /home/jorge/projects/photoTourist_framework_v2_prettyurls/modules/users/model/DAO/users_dao.class.singleton.php
 | 12.12.2016 09:47:24  |  User:   | users | response 200
ERROR: [8] Undefined index: user
Notice on line 23 in file /home/jorge/projects/photoTourist_framework_v2_prettyurls/modules/users/model/DAO/users_dao.class.singleton.php
 | 12.12.2016 09:47:24  |  User:   | users | response 200
ERROR: [8] Undefined index: en_lvl
Notice on line 26 in file /home/jorge/projects/photoTourist_framework_v2_prettyurls/modules/users/model/DAO/users_dao.class.singleton.php
 | 12.12.2016 09:47:24  |  User:   | users | response 200
ERROR: [8] Undefined index: interests
Notice on line 27 in file /home/jorge/projects/photoTourist_framework_v2_prettyurls/modules/users/model/DAO/users_dao.class.singleton.php
 | 12.12.2016 09:47:24  |  User:   | users | response 200
ERROR: [8] Undefined index: pais
Notice on line 29 in file /home/jorge/projects/photoTourist_framework_v2_prettyurls/modules/users/model/DAO/users_dao.class.singleton.php
 | 12.12.2016 09:47:24  |  User:   | users | response 200
ERROR: [8] Undefined index: provincia
Notice on line 30 in file /home/jorge/projects/photoTourist_framework_v2_prettyurls/modules/users/model/DAO/users_dao.class.singleton.php
 | 12.12.2016 09:47:24  |  User:   | users | response 200
ERROR: [8] Undefined index: poblacion
Notice on line 31 in file /home/jorge/projects/photoTourist_framework_v2_prettyurls/modules/users/model/DAO/users_dao.class.singleton.php
 | 12.12.2016 09:47:24  |  User:   | users | response 200
ERROR: [2] Invalid argument supplied for foreach()
Warning on line 44 in file /home/jorge/projects/photoTourist_framework_v2_prettyurls/modules/users/model/DAO/users_dao.class.singleton.php
 | 12.12.2016 09:47:24  |  User:   | users | response 200
ERROR: [8] Use of undefined constant IMG_RURAL_SHOP - assumed 'IMG_RURAL_SHOP'
Notice on line 29 in file /home/jorge/projects/photoTourist_framework_v2_prettyurls/classes/email/email.class.singleton.php
 | 12.12.2016 09:47:24  |  User:   | users | response 200
ERROR: [8] Undefined index: inputName
Notice on line 49 in file /home/jorge/projects/photoTourist_framework_v2_prettyurls/utils/mail.inc.php
 | 12.12.2016 09:47:24  |  User:   | users | response 200
error loadView general | 12.12.2016 09:52:19  |  User:   | users | response 200
error loadView general | 12.12.2016 09:52:40  |  User:   | contact | response 200
error loadView general | 12.12.2016 09:53:25  |  User:   | act | response 200
ERROR: [8] Undefined index: name
Notice on line 18 in file /home/jorge/projects/photoTourist_framework_v2_prettyurls/modules/users/model/DAO/users_dao.class.singleton.php
 | 13.12.2016 05:31:01  |  User:   | users | response 200
ERROR: [8] Undefined index: last_name
Notice on line 19 in file /home/jorge/projects/photoTourist_framework_v2_prettyurls/modules/users/model/DAO/users_dao.class.singleton.php
 | 13.12.2016 05:31:01  |  User:   | users | response 200
ERROR: [8] Undefined index: birth_date
Notice on line 20 in file /home/jorge/projects/photoTourist_framework_v2_prettyurls/modules/users/model/DAO/users_dao.class.singleton.php
 | 13.12.2016 05:31:01  |  User:   | users | response 200
ERROR: [8] Undefined index: title_date
Notice on line 21 in file /home/jorge/projects/photoTourist_framework_v2_prettyurls/modules/users/model/DAO/users_dao.class.singleton.php
 | 13.12.2016 05:31:01  |  User:   | users | response 200
ERROR: [8] Undefined index: address
Notice on line 22 in file /home/jorge/projects/photoTourist_framework_v2_prettyurls/modules/users/model/DAO/users_dao.class.singleton.php
 | 13.12.2016 05:31:01  |  User:   | users | response 200
ERROR: [8] Undefined index: user
Notice on line 23 in file /home/jorge/projects/photoTourist_framework_v2_prettyurls/modules/users/model/DAO/users_dao.class.singleton.php
 | 13.12.2016 05:31:01  |  User:   | users | response 200
ERROR: [8] Undefined index: en_lvl
Notice on line 26 in file /home/jorge/projects/photoTourist_framework_v2_prettyurls/modules/users/model/DAO/users_dao.class.singleton.php
 | 13.12.2016 05:31:01  |  User:   | users | response 200
ERROR: [8] Undefined index: interests
Notice on line 27 in file /home/jorge/projects/photoTourist_framework_v2_prettyurls/modules/users/model/DAO/users_dao.class.singleton.php
 | 13.12.2016 05:31:01  |  User:   | users | response 200
ERROR: [8] Undefined index: pais
Notice on line 29 in file /home/jorge/projects/photoTourist_framework_v2_prettyurls/modules/users/model/DAO/users_dao.class.singleton.php
 | 13.12.2016 05:31:01  |  User:   | users | response 200
ERROR: [8] Undefined index: provincia
Notice on line 30 in file /home/jorge/projects/photoTourist_framework_v2_prettyurls/modules/users/model/DAO/users_dao.class.singleton.php
 | 13.12.2016 05:31:01  |  User:   | users | response 200
ERROR: [8] Undefined index: poblacion
Notice on line 31 in file /home/jorge/projects/photoTourist_framework_v2_prettyurls/modules/users/model/DAO/users_dao.class.singleton.php
 | 13.12.2016 05:31:01  |  User:   | users | response 200
ERROR: [2] Invalid argument supplied for foreach()
Warning on line 44 in file /home/jorge/projects/photoTourist_framework_v2_prettyurls/modules/users/model/DAO/users_dao.class.singleton.php
 | 13.12.2016 05:31:01  |  User:   | users | response 200
ERROR: [8] Use of undefined constant IMG_RURAL_SHOP - assumed 'IMG_RURAL_SHOP'
Notice on line 29 in file /home/jorge/projects/photoTourist_framework_v2_prettyurls/classes/email/email.class.singleton.php
 | 13.12.2016 05:31:01  |  User:   | users | response 200
ERROR: [8] Undefined index: inputName
Notice on line 49 in file /home/jorge/projects/photoTourist_framework_v2_prettyurls/utils/mail.inc.php
 | 13.12.2016 05:31:01  |  User:   | users | response 200
error loadView general | 13.12.2016 05:31:03  |  User:   | users/users | response 200
error loadView general | 13.12.2016 05:31:11  |  User:   | users | response 200
ERROR: [8] Undefined index: name
Notice on line 18 in file /home/jorge/projects/photoTourist_framework_v2_prettyurls/modules/users/model/DAO/users_dao.class.singleton.php
 | 13.12.2016 05:37:44  |  User:   | users | response 200
ERROR: [8] Undefined index: last_name
Notice on line 19 in file /home/jorge/projects/photoTourist_framework_v2_prettyurls/modules/users/model/DAO/users_dao.class.singleton.php
 | 13.12.2016 05:37:44  |  User:   | users | response 200
ERROR: [8] Undefined index: birth_date
Notice on line 20 in file /home/jorge/projects/photoTourist_framework_v2_prettyurls/modules/users/model/DAO/users_dao.class.singleton.php
 | 13.12.2016 05:37:44  |  User:   | users | response 200
ERROR: [8] Undefined index: title_date
Notice on line 21 in file /home/jorge/projects/photoTourist_framework_v2_prettyurls/modules/users/model/DAO/users_dao.class.singleton.php
 | 13.12.2016 05:37:44  |  User:   | users | response 200
ERROR: [8] Undefined index: address
Notice on line 22 in file /home/jorge/projects/photoTourist_framework_v2_prettyurls/modules/users/model/DAO/users_dao.class.singleton.php
 | 13.12.2016 05:37:44  |  User:   | users | response 200
ERROR: [8] Undefined index: user
Notice on line 23 in file /home/jorge/projects/photoTourist_framework_v2_prettyurls/modules/users/model/DAO/users_dao.class.singleton.php
 | 13.12.2016 05:37:44  |  User:   | users | response 200
ERROR: [8] Undefined index: en_lvl
Notice on line 26 in file /home/jorge/projects/photoTourist_framework_v2_prettyurls/modules/users/model/DAO/users_dao.class.singleton.php
 | 13.12.2016 05:37:44  |  User:   | users | response 200
ERROR: [8] Undefined index: interests
Notice on line 27 in file /home/jorge/projects/photoTourist_framework_v2_prettyurls/modules/users/model/DAO/users_dao.class.singleton.php
 | 13.12.2016 05:37:44  |  User:   | users | response 200
ERROR: [8] Undefined index: pais
Notice on line 29 in file /home/jorge/projects/photoTourist_framework_v2_prettyurls/modules/users/model/DAO/users_dao.class.singleton.php
 | 13.12.2016 05:37:44  |  User:   | users | response 200
ERROR: [8] Undefined index: provincia
Notice on line 30 in file /home/jorge/projects/photoTourist_framework_v2_prettyurls/modules/users/model/DAO/users_dao.class.singleton.php
 | 13.12.2016 05:37:44  |  User:   | users | response 200
ERROR: [8] Undefined index: poblacion
Notice on line 31 in file /home/jorge/projects/photoTourist_framework_v2_prettyurls/modules/users/model/DAO/users_dao.class.singleton.php
 | 13.12.2016 05:37:44  |  User:   | users | response 200
ERROR: [2] Invalid argument supplied for foreach()
Warning on line 44 in file /home/jorge/projects/photoTourist_framework_v2_prettyurls/modules/users/model/DAO/users_dao.class.singleton.php
 | 13.12.2016 05:37:44  |  User:   | users | response 200
ERROR: [8] Use of undefined constant IMG_RURAL_SHOP - assumed 'IMG_RURAL_SHOP'
Notice on line 29 in file /home/jorge/projects/photoTourist_framework_v2_prettyurls/classes/email/email.class.singleton.php
 | 13.12.2016 05:37:44  |  User:   | users | response 200
ERROR: [8] Undefined index: inputName
Notice on line 49 in file /home/jorge/projects/photoTourist_framework_v2_prettyurls/utils/mail.inc.php
 | 13.12.2016 05:37:44  |  User:   | users | response 200
error loadView general | 13.12.2016 05:37:46  |  User:   | users/users | response 200
error loadView general | 13.12.2016 05:37:48  |  User:   | users | response 200
ERROR: [8] Undefined variable: fields
Notice on line 52 in file /home/jorge/projects/photoTourist_framework_v2_prettyurls/modules/camtourist/model/DAO/camtourist_dao.class.singleton.php
 | 13.12.2016 05:41:23  |  User:   |  | response 200
ERROR: [8] Undefined index: name
Notice on line 18 in file /home/jorge/projects/photoTourist_framework_v2_prettyurls/modules/users/model/DAO/users_dao.class.singleton.php
 | 13.12.2016 05:48:41  |  User:   | users | response 200
ERROR: [8] Undefined index: last_name
Notice on line 19 in file /home/jorge/projects/photoTourist_framework_v2_prettyurls/modules/users/model/DAO/users_dao.class.singleton.php
 | 13.12.2016 05:48:41  |  User:   | users | response 200
ERROR: [8] Undefined index: birth_date
Notice on line 20 in file /home/jorge/projects/photoTourist_framework_v2_prettyurls/modules/users/model/DAO/users_dao.class.singleton.php
 | 13.12.2016 05:48:41  |  User:   | users | response 200
ERROR: [8] Undefined index: title_date
Notice on line 21 in file /home/jorge/projects/photoTourist_framework_v2_prettyurls/modules/users/model/DAO/users_dao.class.singleton.php
 | 13.12.2016 05:48:41  |  User:   | users | response 200
ERROR: [8] Undefined index: address
Notice on line 22 in file /home/jorge/projects/photoTourist_framework_v2_prettyurls/modules/users/model/DAO/users_dao.class.singleton.php
 | 13.12.2016 05:48:41  |  User:   | users | response 200
ERROR: [8] Undefined index: user
Notice on line 23 in file /home/jorge/projects/photoTourist_framework_v2_prettyurls/modules/users/model/DAO/users_dao.class.singleton.php
 | 13.12.2016 05:48:41  |  User:   | users | response 200
ERROR: [8] Undefined index: en_lvl
Notice on line 26 in file /home/jorge/projects/photoTourist_framework_v2_prettyurls/modules/users/model/DAO/users_dao.class.singleton.php
 | 13.12.2016 05:48:41  |  User:   | users | response 200
ERROR: [8] Undefined index: interests
Notice on line 27 in file /home/jorge/projects/photoTourist_framework_v2_prettyurls/modules/users/model/DAO/users_dao.class.singleton.php
 | 13.12.2016 05:48:41  |  User:   | users | response 200
ERROR: [8] Undefined index: pais
Notice on line 29 in file /home/jorge/projects/photoTourist_framework_v2_prettyurls/modules/users/model/DAO/users_dao.class.singleton.php
 | 13.12.2016 05:48:41  |  User:   | users | response 200
ERROR: [8] Undefined index: provincia
Notice on line 30 in file /home/jorge/projects/photoTourist_framework_v2_prettyurls/modules/users/model/DAO/users_dao.class.singleton.php
 | 13.12.2016 05:48:41  |  User:   | users | response 200
ERROR: [8] Undefined index: poblacion
Notice on line 31 in file /home/jorge/projects/photoTourist_framework_v2_prettyurls/modules/users/model/DAO/users_dao.class.singleton.php
 | 13.12.2016 05:48:41  |  User:   | users | response 200
ERROR: [2] Invalid argument supplied for foreach()
Warning on line 44 in file /home/jorge/projects/photoTourist_framework_v2_prettyurls/modules/users/model/DAO/users_dao.class.singleton.php
 | 13.12.2016 05:48:41  |  User:   | users | response 200
ERROR: [8] Use of undefined constant IMG_RURAL_SHOP - assumed 'IMG_RURAL_SHOP'
Notice on line 29 in file /home/jorge/projects/photoTourist_framework_v2_prettyurls/classes/email/email.class.singleton.php
 | 13.12.2016 05:48:42  |  User:   | users | response 200
ERROR: [8] Undefined index: inputName
Notice on line 49 in file /home/jorge/projects/photoTourist_framework_v2_prettyurls/utils/mail.inc.php
 | 13.12.2016 05:48:42  |  User:   | users | response 200
error loadView general | 13.12.2016 05:48:45  |  User:   | users/users | response 200
error loadView general | 13.12.2016 05:50:11  |  User:   | users | response 200
ERROR: [8] Undefined index: name
Notice on line 18 in file /home/jorge/projects/photoTourist_framework_v2_prettyurls/modules/users/model/DAO/users_dao.class.singleton.php
 | 13.12.2016 07:09:11  |  User:   | users | response 200
ERROR: [8] Undefined index: last_name
Notice on line 19 in file /home/jorge/projects/photoTourist_framework_v2_prettyurls/modules/users/model/DAO/users_dao.class.singleton.php
 | 13.12.2016 07:09:11  |  User:   | users | response 200
ERROR: [8] Undefined index: birth_date
Notice on line 20 in file /home/jorge/projects/photoTourist_framework_v2_prettyurls/modules/users/model/DAO/users_dao.class.singleton.php
 | 13.12.2016 07:09:11  |  User:   | users | response 200
ERROR: [8] Undefined index: title_date
Notice on line 21 in file /home/jorge/projects/photoTourist_framework_v2_prettyurls/modules/users/model/DAO/users_dao.class.singleton.php
 | 13.12.2016 07:09:11  |  User:   | users | response 200
ERROR: [8] Undefined index: address
Notice on line 22 in file /home/jorge/projects/photoTourist_framework_v2_prettyurls/modules/users/model/DAO/users_dao.class.singleton.php
 | 13.12.2016 07:09:11  |  User:   | users | response 200
ERROR: [8] Undefined index: user
Notice on line 23 in file /home/jorge/projects/photoTourist_framework_v2_prettyurls/modules/users/model/DAO/users_dao.class.singleton.php
 | 13.12.2016 07:09:11  |  User:   | users | response 200
ERROR: [8] Undefined index: en_lvl
Notice on line 26 in file /home/jorge/projects/photoTourist_framework_v2_prettyurls/modules/users/model/DAO/users_dao.class.singleton.php
 | 13.12.2016 07:09:11  |  User:   | users | response 200
ERROR: [8] Undefined index: interests
Notice on line 27 in file /home/jorge/projects/photoTourist_framework_v2_prettyurls/modules/users/model/DAO/users_dao.class.singleton.php
 | 13.12.2016 07:09:11  |  User:   | users | response 200
ERROR: [8] Undefined index: pais
Notice on line 29 in file /home/jorge/projects/photoTourist_framework_v2_prettyurls/modules/users/model/DAO/users_dao.class.singleton.php
 | 13.12.2016 07:09:11  |  User:   | users | response 200
ERROR: [8] Undefined index: provincia
Notice on line 30 in file /home/jorge/projects/photoTourist_framework_v2_prettyurls/modules/users/model/DAO/users_dao.class.singleton.php
 | 13.12.2016 07:09:11  |  User:   | users | response 200
ERROR: [8] Undefined index: poblacion
Notice on line 31 in file /home/jorge/projects/photoTourist_framework_v2_prettyurls/modules/users/model/DAO/users_dao.class.singleton.php
 | 13.12.2016 07:09:11  |  User:   | users | response 200
ERROR: [2] Invalid argument supplied for foreach()
Warning on line 44 in file /home/jorge/projects/photoTourist_framework_v2_prettyurls/modules/users/model/DAO/users_dao.class.singleton.php
 | 13.12.2016 07:09:11  |  User:   | users | response 200
ERROR: [8] Use of undefined constant IMG_RURAL_SHOP - assumed 'IMG_RURAL_SHOP'
Notice on line 29 in file /home/jorge/projects/photoTourist_framework_v2_prettyurls/classes/email/email.class.singleton.php
 | 13.12.2016 07:09:11  |  User:   | users | response 200
ERROR: [8] Undefined index: inputName
Notice on line 49 in file /home/jorge/projects/photoTourist_framework_v2_prettyurls/utils/mail.inc.php
 | 13.12.2016 07:09:11  |  User:   | users | response 200
error loadView general | 13.12.2016 07:09:12  |  User:   | users/users | response 200
error loadView general | 13.12.2016 07:09:12  |  User:   | users | response 200
ERROR: [8] Undefined index: name
Notice on line 18 in file /home/jorge/projects/photoTourist_framework_v2_prettyurls/modules/users/model/DAO/users_dao.class.singleton.php
 | 13.12.2016 07:12:05  |  User:   | users | response 200
ERROR: [8] Undefined index: last_name
Notice on line 19 in file /home/jorge/projects/photoTourist_framework_v2_prettyurls/modules/users/model/DAO/users_dao.class.singleton.php
 | 13.12.2016 07:12:05  |  User:   | users | response 200
ERROR: [8] Undefined index: birth_date
Notice on line 20 in file /home/jorge/projects/photoTourist_framework_v2_prettyurls/modules/users/model/DAO/users_dao.class.singleton.php
 | 13.12.2016 07:12:05  |  User:   | users | response 200
ERROR: [8] Undefined index: title_date
Notice on line 21 in file /home/jorge/projects/photoTourist_framework_v2_prettyurls/modules/users/model/DAO/users_dao.class.singleton.php
 | 13.12.2016 07:12:05  |  User:   | users | response 200
ERROR: [8] Undefined index: address
Notice on line 22 in file /home/jorge/projects/photoTourist_framework_v2_prettyurls/modules/users/model/DAO/users_dao.class.singleton.php
 | 13.12.2016 07:12:05  |  User:   | users | response 200
ERROR: [8] Undefined index: user
Notice on line 23 in file /home/jorge/projects/photoTourist_framework_v2_prettyurls/modules/users/model/DAO/users_dao.class.singleton.php
 | 13.12.2016 07:12:05  |  User:   | users | response 200
ERROR: [8] Undefined index: en_lvl
Notice on line 26 in file /home/jorge/projects/photoTourist_framework_v2_prettyurls/modules/users/model/DAO/users_dao.class.singleton.php
 | 13.12.2016 07:12:05  |  User:   | users | response 200
ERROR: [8] Undefined index: interests
Notice on line 27 in file /home/jorge/projects/photoTourist_framework_v2_prettyurls/modules/users/model/DAO/users_dao.class.singleton.php
 | 13.12.2016 07:12:05  |  User:   | users | response 200
ERROR: [8] Undefined index: pais
Notice on line 29 in file /home/jorge/projects/photoTourist_framework_v2_prettyurls/modules/users/model/DAO/users_dao.class.singleton.php
 | 13.12.2016 07:12:05  |  User:   | users | response 200
ERROR: [8] Undefined index: provincia
Notice on line 30 in file /home/jorge/projects/photoTourist_framework_v2_prettyurls/modules/users/model/DAO/users_dao.class.singleton.php
 | 13.12.2016 07:12:05  |  User:   | users | response 200
ERROR: [8] Undefined index: poblacion
Notice on line 31 in file /home/jorge/projects/photoTourist_framework_v2_prettyurls/modules/users/model/DAO/users_dao.class.singleton.php
 | 13.12.2016 07:12:05  |  User:   | users | response 200
ERROR: [2] Invalid argument supplied for foreach()
Warning on line 44 in file /home/jorge/projects/photoTourist_framework_v2_prettyurls/modules/users/model/DAO/users_dao.class.singleton.php
 | 13.12.2016 07:12:05  |  User:   | users | response 200
ERROR: [8] Use of undefined constant IMG_RURAL_SHOP - assumed 'IMG_RURAL_SHOP'
Notice on line 29 in file /home/jorge/projects/photoTourist_framework_v2_prettyurls/classes/email/email.class.singleton.php
 | 13.12.2016 07:12:05  |  User:   | users | response 200
ERROR: [8] Undefined index: inputName
Notice on line 49 in file /home/jorge/projects/photoTourist_framework_v2_prettyurls/utils/mail.inc.php
 | 13.12.2016 07:12:05  |  User:   | users | response 200
error loadView general | 13.12.2016 07:12:07  |  User:   | users/users | response 200
error loadView general | 13.12.2016 07:12:07  |  User:   | users | response 200
ERROR: [8] Undefined index: name
Notice on line 18 in file /home/jorge/projects/photoTourist_framework_v2_prettyurls/modules/users/model/DAO/users_dao.class.singleton.php
 | 13.12.2016 07:13:34  |  User:   | users | response 200
ERROR: [8] Undefined index: last_name
Notice on line 19 in file /home/jorge/projects/photoTourist_framework_v2_prettyurls/modules/users/model/DAO/users_dao.class.singleton.php
 | 13.12.2016 07:13:34  |  User:   | users | response 200
ERROR: [8] Undefined index: birth_date
Notice on line 20 in file /home/jorge/projects/photoTourist_framework_v2_prettyurls/modules/users/model/DAO/users_dao.class.singleton.php
 | 13.12.2016 07:13:34  |  User:   | users | response 200
ERROR: [8] Undefined index: title_date
Notice on line 21 in file /home/jorge/projects/photoTourist_framework_v2_prettyurls/modules/users/model/DAO/users_dao.class.singleton.php
 | 13.12.2016 07:13:34  |  User:   | users | response 200
ERROR: [8] Undefined index: address
Notice on line 22 in file /home/jorge/projects/photoTourist_framework_v2_prettyurls/modules/users/model/DAO/users_dao.class.singleton.php
 | 13.12.2016 07:13:34  |  User:   | users | response 200
ERROR: [8] Undefined index: user
Notice on line 23 in file /home/jorge/projects/photoTourist_framework_v2_prettyurls/modules/users/model/DAO/users_dao.class.singleton.php
 | 13.12.2016 07:13:34  |  User:   | users | response 200
ERROR: [8] Undefined index: en_lvl
Notice on line 26 in file /home/jorge/projects/photoTourist_framework_v2_prettyurls/modules/users/model/DAO/users_dao.class.singleton.php
 | 13.12.2016 07:13:34  |  User:   | users | response 200
ERROR: [8] Undefined index: interests
Notice on line 27 in file /home/jorge/projects/photoTourist_framework_v2_prettyurls/modules/users/model/DAO/users_dao.class.singleton.php
 | 13.12.2016 07:13:34  |  User:   | users | response 200
ERROR: [8] Undefined index: pais
Notice on line 29 in file /home/jorge/projects/photoTourist_framework_v2_prettyurls/modules/users/model/DAO/users_dao.class.singleton.php
 | 13.12.2016 07:13:34  |  User:   | users | response 200
ERROR: [8] Undefined index: provincia
Notice on line 30 in file /home/jorge/projects/photoTourist_framework_v2_prettyurls/modules/users/model/DAO/users_dao.class.singleton.php
 | 13.12.2016 07:13:34  |  User:   | users | response 200
ERROR: [8] Undefined index: poblacion
Notice on line 31 in file /home/jorge/projects/photoTourist_framework_v2_prettyurls/modules/users/model/DAO/users_dao.class.singleton.php
 | 13.12.2016 07:13:34  |  User:   | users | response 200
ERROR: [2] Invalid argument supplied for foreach()
Warning on line 44 in file /home/jorge/projects/photoTourist_framework_v2_prettyurls/modules/users/model/DAO/users_dao.class.singleton.php
 | 13.12.2016 07:13:34  |  User:   | users | response 200
ERROR: [8] Use of undefined constant IMG_RURAL_SHOP - assumed 'IMG_RURAL_SHOP'
Notice on line 29 in file /home/jorge/projects/photoTourist_framework_v2_prettyurls/classes/email/email.class.singleton.php
 | 13.12.2016 07:13:34  |  User:   | users | response 200
ERROR: [8] Undefined index: inputName
Notice on line 49 in file /home/jorge/projects/photoTourist_framework_v2_prettyurls/utils/mail.inc.php
 | 13.12.2016 07:13:34  |  User:   | users | response 200
