29/11/16 06:50:27 PM | ERROR: [2] mysqli::mysqli(): (28000/1045): Access denied for user 'root'@'localhost' (using password: YES)
Warning on line 47 in file /home/jorge/projects/photoTourist_framework_v2_prettyurls/model/db.class.singleton.php
 | productsfe | response 200
29/11/16 06:50:27 PM | ERROR: [2] mysqli::select_db(): Couldn't fetch mysqli
Warning on line 48 in file /home/jorge/projects/photoTourist_framework_v2_prettyurls/model/db.class.singleton.php
 | productsfe | response 200
29/11/16 06:50:27 PM | ERROR: [2] mysqli::query(): Couldn't fetch mysqli
Warning on line 53 in file /home/jorge/projects/photoTourist_framework_v2_prettyurls/model/db.class.singleton.php
 | productsfe | response 200
29/11/16 06:50:27 PM | ERROR: [2] mysqli::mysqli(): (28000/1045): Access denied for user 'root'@'localhost' (using password: YES)
Warning on line 47 in file /home/jorge/projects/photoTourist_framework_v2_prettyurls/model/db.class.singleton.php
 | productsfe | response 200
29/11/16 06:50:27 PM | ERROR: [2] mysqli::select_db(): Couldn't fetch mysqli
Warning on line 48 in file /home/jorge/projects/photoTourist_framework_v2_prettyurls/model/db.class.singleton.php
 | productsfe | response 200
29/11/16 06:50:27 PM | ERROR: [2] mysqli::query(): Couldn't fetch mysqli
Warning on line 53 in file /home/jorge/projects/photoTourist_framework_v2_prettyurls/model/db.class.singleton.php
 | productsfe | response 200
29/11/16 07:08:08 PM | ERROR: [8] Undefined variable: fields
Notice on line 52 in file /home/jorge/projects/photoTourist_framework_v2_prettyurls/modules/camtourist/model/DAO/camtourist_dao.class.singleton.php
 |  | response 200
29/11/16 07:13:44 PM | ERROR: [8] Undefined variable: fields
Notice on line 52 in file /home/jorge/projects/photoTourist_framework_v2_prettyurls/modules/camtourist/model/DAO/camtourist_dao.class.singleton.php
 |  | response 200
29/11/16 07:19:50 PM | ERROR: [8] Undefined variable: fields
Notice on line 52 in file /home/jorge/projects/photoTourist_framework_v2_prettyurls/modules/camtourist/model/DAO/camtourist_dao.class.singleton.php
 |  | response 200
29/11/16 07:21:13 PM | ERROR: [8] Undefined variable: fields
Notice on line 52 in file /home/jorge/projects/photoTourist_framework_v2_prettyurls/modules/camtourist/model/DAO/camtourist_dao.class.singleton.php
 |  | response 200
29/11/16 07:22:05 PM | ERROR: [8] Undefined variable: fields
Notice on line 52 in file /home/jorge/projects/photoTourist_framework_v2_prettyurls/modules/camtourist/model/DAO/camtourist_dao.class.singleton.php
 |  | response 200
29/11/16 07:37:39 PM | ERROR: [8] Undefined variable: fields
Notice on line 52 in file /home/jorge/projects/photoTourist_framework_v2_prettyurls/modules/camtourist/model/DAO/camtourist_dao.class.singleton.php
 |  | response 200
29/11/16 07:39:09 PM | ERROR: [8] Undefined variable: fields
Notice on line 52 in file /home/jorge/projects/photoTourist_framework_v2_prettyurls/modules/camtourist/model/DAO/camtourist_dao.class.singleton.php
 |  | response 200
29/11/16 07:48:29 PM | ERROR: [8] Undefined variable: fields
Notice on line 52 in file /home/jorge/projects/photoTourist_framework_v2_prettyurls/modules/camtourist/model/DAO/camtourist_dao.class.singleton.php
 |  | response 200
29/11/16 07:49:53 PM | ERROR: [8] Undefined variable: fields
Notice on line 52 in file /home/jorge/projects/photoTourist_framework_v2_prettyurls/modules/camtourist/model/DAO/camtourist_dao.class.singleton.php
 |  | response 200
29/11/16 07:50:21 PM | ERROR: [8] Undefined variable: fields
Notice on line 52 in file /home/jorge/projects/photoTourist_framework_v2_prettyurls/modules/camtourist/model/DAO/camtourist_dao.class.singleton.php
 |  | response 200
29/11/16 07:50:44 PM | ERROR: [8] Undefined variable: fields
Notice on line 52 in file /home/jorge/projects/photoTourist_framework_v2_prettyurls/modules/camtourist/model/DAO/camtourist_dao.class.singleton.php
 |  | response 200
29/11/16 07:57:59 PM | ERROR: [8] Undefined variable: fields
Notice on line 52 in file /home/jorge/projects/photoTourist_framework_v2_prettyurls/modules/camtourist/model/DAO/camtourist_dao.class.singleton.php
 |  | response 200
29/11/16 08:08:42 PM | ERROR: [8] Undefined variable: fields
Notice on line 52 in file /home/jorge/projects/photoTourist_framework_v2_prettyurls/modules/camtourist/model/DAO/camtourist_dao.class.singleton.php
 |  | response 200
29/11/16 08:09:36 PM | ERROR: [8] Undefined variable: fields
Notice on line 52 in file /home/jorge/projects/photoTourist_framework_v2_prettyurls/modules/camtourist/model/DAO/camtourist_dao.class.singleton.php
 |  | response 200
29/11/16 08:11:09 PM | ERROR: [8] Undefined variable: fields
Notice on line 52 in file /home/jorge/projects/photoTourist_framework_v2_prettyurls/modules/camtourist/model/DAO/camtourist_dao.class.singleton.php
 |  | response 200
29/11/16 08:14:29 PM | ERROR: [8] Undefined variable: fields
Notice on line 52 in file /home/jorge/projects/photoTourist_framework_v2_prettyurls/modules/camtourist/model/DAO/camtourist_dao.class.singleton.php
 |  | response 200
29/11/16 08:45:20 PM | ERROR: [8] Undefined variable: fields
Notice on line 52 in file /home/jorge/projects/photoTourist_framework_v2_prettyurls/modules/camtourist/model/DAO/camtourist_dao.class.singleton.php
 |  | response 200
29/11/16 08:47:58 PM | ERROR: [8] Undefined variable: fields
Notice on line 52 in file /home/jorge/projects/photoTourist_framework_v2_prettyurls/modules/camtourist/model/DAO/camtourist_dao.class.singleton.php
 |  | response 200
29/11/16 08:49:57 PM | ERROR: [8] Undefined variable: fields
Notice on line 52 in file /home/jorge/projects/photoTourist_framework_v2_prettyurls/modules/camtourist/model/DAO/camtourist_dao.class.singleton.php
 |  | response 200
29/11/16 08:52:02 PM | ERROR: [8] Undefined variable: fields
Notice on line 52 in file /home/jorge/projects/photoTourist_framework_v2_prettyurls/modules/camtourist/model/DAO/camtourist_dao.class.singleton.php
 |  | response 200
29/11/16 08:52:51 PM | ERROR: [8] Undefined variable: fields
Notice on line 52 in file /home/jorge/projects/photoTourist_framework_v2_prettyurls/modules/camtourist/model/DAO/camtourist_dao.class.singleton.php
 |  | response 200
29/11/16 08:52:54 PM | error loadView general | camtourist/camtourist_mapa | response 200
29/11/16 08:52:59 PM | error loadView general | camtourist/camtourist_mapa | response 200
29/11/16 08:54:14 PM | ERROR: [8] Undefined variable: fields
Notice on line 52 in file /home/jorge/projects/photoTourist_framework_v2_prettyurls/modules/camtourist/model/DAO/camtourist_dao.class.singleton.php
 |  | response 200
29/11/16 08:54:51 PM | ERROR: [8] Undefined variable: fields
Notice on line 52 in file /home/jorge/projects/photoTourist_framework_v2_prettyurls/modules/camtourist/model/DAO/camtourist_dao.class.singleton.php
 |  | response 200
29/11/16 08:57:51 PM | ERROR: [8] Undefined variable: fields
Notice on line 52 in file /home/jorge/projects/photoTourist_framework_v2_prettyurls/modules/camtourist/model/DAO/camtourist_dao.class.singleton.php
 |  | response 200
29/11/16 09:04:50 PM | ERROR: [8] Undefined variable: fields
Notice on line 52 in file /home/jorge/projects/photoTourist_framework_v2_prettyurls/modules/camtourist/model/DAO/camtourist_dao.class.singleton.php
 |  | response 200
29/11/16 09:05:22 PM | ERROR: [8] Undefined variable: fields
Notice on line 52 in file /home/jorge/projects/photoTourist_framework_v2_prettyurls/modules/camtourist/model/DAO/camtourist_dao.class.singleton.php
 |  | response 200
30/11/16 02:07:38 AM | ERROR: [8] Undefined variable: fields
Notice on line 52 in file /home/jorge/projects/photoTourist_framework_v2_prettyurls/modules/camtourist/model/DAO/camtourist_dao.class.singleton.php
 |  | response 200
30/11/16 07:01:18 AM | ERROR: [8] Undefined variable: fields
Notice on line 52 in file /home/jorge/projects/photoTourist_framework_v2_prettyurls/modules/camtourist/model/DAO/camtourist_dao.class.singleton.php
 |  | response 200
30/11/16 07:03:51 AM | ERROR: [8] Undefined variable: fields
Notice on line 52 in file /home/jorge/projects/photoTourist_framework_v2_prettyurls/modules/camtourist/model/DAO/camtourist_dao.class.singleton.php
 |  | response 200
30/11/16 07:06:28 AM | ERROR: [8] Undefined variable: fields
Notice on line 52 in file /home/jorge/projects/photoTourist_framework_v2_prettyurls/modules/camtourist/model/DAO/camtourist_dao.class.singleton.php
 |  | response 200
30/11/16 07:07:06 AM | ERROR: [8] Undefined variable: fields
Notice on line 52 in file /home/jorge/projects/photoTourist_framework_v2_prettyurls/modules/camtourist/model/DAO/camtourist_dao.class.singleton.php
 |  | response 200
30/11/16 07:08:53 AM | ERROR: [8] Undefined variable: fields
Notice on line 52 in file /home/jorge/projects/photoTourist_framework_v2_prettyurls/modules/camtourist/model/DAO/camtourist_dao.class.singleton.php
 |  | response 200
30/11/16 07:10:31 AM | ERROR: [8] Undefined variable: fields
Notice on line 52 in file /home/jorge/projects/photoTourist_framework_v2_prettyurls/modules/camtourist/model/DAO/camtourist_dao.class.singleton.php
 |  | response 200
30/11/16 07:11:27 AM | ERROR: [8] Undefined variable: fields
Notice on line 52 in file /home/jorge/projects/photoTourist_framework_v2_prettyurls/modules/camtourist/model/DAO/camtourist_dao.class.singleton.php
 |  | response 200
30/11/16 07:12:35 AM | ERROR: [8] Undefined variable: fields
Notice on line 52 in file /home/jorge/projects/photoTourist_framework_v2_prettyurls/modules/camtourist/model/DAO/camtourist_dao.class.singleton.php
 |  | response 200
30/11/16 07:15:08 AM | ERROR: [8] Undefined variable: fields
Notice on line 52 in file /home/jorge/projects/photoTourist_framework_v2_prettyurls/modules/camtourist/model/DAO/camtourist_dao.class.singleton.php
 |  | response 200
30/11/16 07:16:18 AM | ERROR: [8] Undefined variable: fields
Notice on line 52 in file /home/jorge/projects/photoTourist_framework_v2_prettyurls/modules/camtourist/model/DAO/camtourist_dao.class.singleton.php
 |  | response 200
30/11/16 07:17:37 AM | ERROR: [8] Undefined variable: fields
Notice on line 52 in file /home/jorge/projects/photoTourist_framework_v2_prettyurls/modules/camtourist/model/DAO/camtourist_dao.class.singleton.php
 |  | response 200
30/11/16 07:19:27 AM | ERROR: [8] Undefined variable: fields
Notice on line 52 in file /home/jorge/projects/photoTourist_framework_v2_prettyurls/modules/camtourist/model/DAO/camtourist_dao.class.singleton.php
 |  | response 200
30/11/16 07:43:51 AM | ERROR: [8] Undefined variable: fields
Notice on line 52 in file /home/jorge/projects/photoTourist_framework_v2_prettyurls/modules/camtourist/model/DAO/camtourist_dao.class.singleton.php
 |  | response 200
30/11/16 07:44:06 AM | ERROR: [8] Undefined variable: fields
Notice on line 52 in file /home/jorge/projects/photoTourist_framework_v2_prettyurls/modules/camtourist/model/DAO/camtourist_dao.class.singleton.php
 |  | response 200
30/11/16 07:44:55 AM | ERROR: [8] Undefined variable: fields
Notice on line 52 in file /home/jorge/projects/photoTourist_framework_v2_prettyurls/modules/camtourist/model/DAO/camtourist_dao.class.singleton.php
 |  | response 200
30/11/16 07:45:00 AM | ERROR: [8] Undefined variable: fields
Notice on line 52 in file /home/jorge/projects/photoTourist_framework_v2_prettyurls/modules/camtourist/model/DAO/camtourist_dao.class.singleton.php
 |  | response 200
30/11/16 07:45:05 AM | ERROR: [8] Undefined variable: fields
Notice on line 52 in file /home/jorge/projects/photoTourist_framework_v2_prettyurls/modules/camtourist/model/DAO/camtourist_dao.class.singleton.php
 |  | response 200
30/11/16 07:46:39 AM | ERROR: [8] Undefined variable: fields
Notice on line 52 in file /home/jorge/projects/photoTourist_framework_v2_prettyurls/modules/camtourist/model/DAO/camtourist_dao.class.singleton.php
 |  | response 200
30/11/16 07:34:07 PM | ERROR: [8] Undefined variable: fields
Notice on line 52 in file /home/jorge/projects/photoTourist_framework_v2_prettyurls/modules/camtourist/model/DAO/camtourist_dao.class.singleton.php
 |  | response 200
30/11/16 07:35:16 PM | ERROR: [8] Undefined variable: fields
Notice on line 52 in file /home/jorge/projects/photoTourist_framework_v2_prettyurls/modules/camtourist/model/DAO/camtourist_dao.class.singleton.php
 |  | response 200
30/11/16 08:06:28 PM | ERROR: [8] Undefined variable: fields
Notice on line 52 in file /home/jorge/projects/photoTourist_framework_v2_prettyurls/modules/camtourist/model/DAO/camtourist_dao.class.singleton.php
 |  | response 200
30/11/16 08:31:53 PM | ERROR: [8] Undefined variable: fields
Notice on line 52 in file /home/jorge/projects/photoTourist_framework_v2_prettyurls/modules/camtourist/model/DAO/camtourist_dao.class.singleton.php
 |  | response 200
30/11/16 08:33:17 PM | ERROR: [8] Undefined variable: fields
Notice on line 52 in file /home/jorge/projects/photoTourist_framework_v2_prettyurls/modules/camtourist/model/DAO/camtourist_dao.class.singleton.php
 |  | response 200
30/11/16 08:34:57 PM | ERROR: [8] Undefined variable: fields
Notice on line 52 in file /home/jorge/projects/photoTourist_framework_v2_prettyurls/modules/camtourist/model/DAO/camtourist_dao.class.singleton.php
 |  | response 200
30/11/16 08:36:13 PM | ERROR: [8] Undefined variable: fields
Notice on line 52 in file /home/jorge/projects/photoTourist_framework_v2_prettyurls/modules/camtourist/model/DAO/camtourist_dao.class.singleton.php
 |  | response 200
30/11/16 08:41:00 PM | ERROR: [8] Undefined variable: fields
Notice on line 52 in file /home/jorge/projects/photoTourist_framework_v2_prettyurls/modules/camtourist/model/DAO/camtourist_dao.class.singleton.php
 |  | response 200
30/11/16 08:42:24 PM | ERROR: [8] Undefined variable: fields
Notice on line 52 in file /home/jorge/projects/photoTourist_framework_v2_prettyurls/modules/camtourist/model/DAO/camtourist_dao.class.singleton.php
 |  | response 200
30/11/16 08:46:36 PM | ERROR: [8] Undefined variable: fields
Notice on line 52 in file /home/jorge/projects/photoTourist_framework_v2_prettyurls/modules/camtourist/model/DAO/camtourist_dao.class.singleton.php
 |  | response 200
30/11/16 08:47:07 PM | ERROR: [8] Undefined variable: fields
Notice on line 52 in file /home/jorge/projects/photoTourist_framework_v2_prettyurls/modules/camtourist/model/DAO/camtourist_dao.class.singleton.php
 |  | response 200
30/11/16 08:47:58 PM | ERROR: [8] Undefined variable: fields
Notice on line 52 in file /home/jorge/projects/photoTourist_framework_v2_prettyurls/modules/camtourist/model/DAO/camtourist_dao.class.singleton.php
 |  | response 200
30/11/16 08:48:26 PM | ERROR: [8] Undefined variable: fields
Notice on line 52 in file /home/jorge/projects/photoTourist_framework_v2_prettyurls/modules/camtourist/model/DAO/camtourist_dao.class.singleton.php
 |  | response 200
30/11/16 08:53:57 PM | ERROR: [8] Undefined variable: fields
Notice on line 52 in file /home/jorge/projects/photoTourist_framework_v2_prettyurls/modules/camtourist/model/DAO/camtourist_dao.class.singleton.php
 |  | response 200
30/11/16 08:55:00 PM | ERROR: [8] Undefined variable: fields
Notice on line 52 in file /home/jorge/projects/photoTourist_framework_v2_prettyurls/modules/camtourist/model/DAO/camtourist_dao.class.singleton.php
 |  | response 200
30/11/16 08:55:48 PM | ERROR: [8] Undefined variable: fields
Notice on line 52 in file /home/jorge/projects/photoTourist_framework_v2_prettyurls/modules/camtourist/model/DAO/camtourist_dao.class.singleton.php
 |  | response 200
30/11/16 09:00:18 PM | ERROR: [8] Undefined variable: fields
Notice on line 52 in file /home/jorge/projects/photoTourist_framework_v2_prettyurls/modules/camtourist/model/DAO/camtourist_dao.class.singleton.php
 |  | response 200
30/11/16 09:05:10 PM | ERROR: [8] Undefined variable: fields
Notice on line 52 in file /home/jorge/projects/photoTourist_framework_v2_prettyurls/modules/camtourist/model/DAO/camtourist_dao.class.singleton.php
 |  | response 200
30/11/16 09:05:55 PM | ERROR: [8] Undefined variable: fields
Notice on line 52 in file /home/jorge/projects/photoTourist_framework_v2_prettyurls/modules/camtourist/model/DAO/camtourist_dao.class.singleton.php
 |  | response 200
30/11/16 09:07:20 PM | ERROR: [8] Undefined variable: fields
Notice on line 52 in file /home/jorge/projects/photoTourist_framework_v2_prettyurls/modules/camtourist/model/DAO/camtourist_dao.class.singleton.php
 |  | response 200
30/11/16 09:08:39 PM | ERROR: [8] Undefined variable: fields
Notice on line 52 in file /home/jorge/projects/photoTourist_framework_v2_prettyurls/modules/camtourist/model/DAO/camtourist_dao.class.singleton.php
 |  | response 200
30/11/16 09:08:54 PM | ERROR: [8] Undefined variable: fields
Notice on line 52 in file /home/jorge/projects/photoTourist_framework_v2_prettyurls/modules/camtourist/model/DAO/camtourist_dao.class.singleton.php
 |  | response 200
30/11/16 09:17:46 PM | ERROR: [8] Undefined variable: fields
Notice on line 52 in file /home/jorge/projects/photoTourist_framework_v2_prettyurls/modules/camtourist/model/DAO/camtourist_dao.class.singleton.php
 |  | response 200
30/11/16 09:22:52 PM | ERROR: [8] Undefined variable: fields
Notice on line 52 in file /home/jorge/projects/photoTourist_framework_v2_prettyurls/modules/camtourist/model/DAO/camtourist_dao.class.singleton.php
 |  | response 200
30/11/16 09:23:10 PM | ERROR: [8] Undefined variable: fields
Notice on line 52 in file /home/jorge/projects/photoTourist_framework_v2_prettyurls/modules/camtourist/model/DAO/camtourist_dao.class.singleton.php
 |  | response 200
30/11/16 09:23:20 PM | ERROR: [8] Undefined variable: fields
Notice on line 52 in file /home/jorge/projects/photoTourist_framework_v2_prettyurls/modules/camtourist/model/DAO/camtourist_dao.class.singleton.php
 |  | response 200
30/11/16 09:27:36 PM | ERROR: [8] Undefined variable: fields
Notice on line 52 in file /home/jorge/projects/photoTourist_framework_v2_prettyurls/modules/camtourist/model/DAO/camtourist_dao.class.singleton.php
 |  | response 200
30/11/16 11:04:06 PM | ERROR: [8] Undefined variable: fields
Notice on line 52 in file /home/jorge/projects/photoTourist_framework_v2_prettyurls/modules/camtourist/model/DAO/camtourist_dao.class.singleton.php
 |  | response 200
30/11/16 11:04:17 PM | ERROR: [8] Undefined variable: fields
Notice on line 52 in file /home/jorge/projects/photoTourist_framework_v2_prettyurls/modules/camtourist/model/DAO/camtourist_dao.class.singleton.php
 |  | response 200
30/11/16 11:04:33 PM | ERROR: [8] Undefined variable: fields
Notice on line 52 in file /home/jorge/projects/photoTourist_framework_v2_prettyurls/modules/camtourist/model/DAO/camtourist_dao.class.singleton.php
 |  | response 200
30/11/16 11:05:01 PM | ERROR: [8] Undefined variable: fields
Notice on line 52 in file /home/jorge/projects/photoTourist_framework_v2_prettyurls/modules/camtourist/model/DAO/camtourist_dao.class.singleton.php
 |  | response 200
30/11/16 11:05:49 PM | ERROR: [8] Undefined variable: fields
Notice on line 52 in file /home/jorge/projects/photoTourist_framework_v2_prettyurls/modules/camtourist/model/DAO/camtourist_dao.class.singleton.php
 |  | response 200
30/11/16 11:09:12 PM | ERROR: [8] Undefined variable: fields
Notice on line 52 in file /home/jorge/projects/photoTourist_framework_v2_prettyurls/modules/camtourist/model/DAO/camtourist_dao.class.singleton.php
 |  | response 200
30/11/16 11:09:52 PM | ERROR: [8] Undefined variable: fields
Notice on line 52 in file /home/jorge/projects/photoTourist_framework_v2_prettyurls/modules/camtourist/model/DAO/camtourist_dao.class.singleton.php
 |  | response 200
30/11/16 11:12:59 PM | ERROR: [8] Undefined variable: fields
Notice on line 52 in file /home/jorge/projects/photoTourist_framework_v2_prettyurls/modules/camtourist/model/DAO/camtourist_dao.class.singleton.php
 |  | response 200
30/11/16 11:13:27 PM | ERROR: [8] Undefined variable: fields
Notice on line 52 in file /home/jorge/projects/photoTourist_framework_v2_prettyurls/modules/camtourist/model/DAO/camtourist_dao.class.singleton.php
 |  | response 200
30/11/16 11:13:51 PM | ERROR: [8] Undefined variable: fields
Notice on line 52 in file /home/jorge/projects/photoTourist_framework_v2_prettyurls/modules/camtourist/model/DAO/camtourist_dao.class.singleton.php
 |  | response 200
30/11/16 11:24:08 PM | ERROR: [8] Undefined variable: fields
Notice on line 52 in file /home/jorge/projects/photoTourist_framework_v2_prettyurls/modules/camtourist/model/DAO/camtourist_dao.class.singleton.php
 |  | response 200
30/11/16 11:31:56 PM | ERROR: [8] Undefined variable: fields
Notice on line 52 in file /home/jorge/projects/photoTourist_framework_v2_prettyurls/modules/camtourist/model/DAO/camtourist_dao.class.singleton.php
 |  | response 200
01/12/16 03:53:45 AM | ERROR: [8] Undefined variable: fields
Notice on line 52 in file /home/jorge/projects/photoTourist_framework_v2_prettyurls/modules/camtourist/model/DAO/camtourist_dao.class.singleton.php
 |  | response 200
01/12/16 04:07:04 AM | ERROR: [8] Undefined variable: fields
Notice on line 52 in file /home/jorge/projects/photoTourist_framework_v2_prettyurls/modules/camtourist/model/DAO/camtourist_dao.class.singleton.php
 |  | response 200
01/12/16 04:21:24 AM | ERROR: [8] Undefined variable: fields
Notice on line 52 in file /home/jorge/projects/photoTourist_framework_v2_prettyurls/modules/camtourist/model/DAO/camtourist_dao.class.singleton.php
 |  | response 200
01/12/16 04:22:28 AM | ERROR: [8] Undefined variable: fields
Notice on line 52 in file /home/jorge/projects/photoTourist_framework_v2_prettyurls/modules/camtourist/model/DAO/camtourist_dao.class.singleton.php
 |  | response 200
01/12/16 04:22:43 AM | ERROR: [8] Undefined variable: fields
Notice on line 52 in file /home/jorge/projects/photoTourist_framework_v2_prettyurls/modules/camtourist/model/DAO/camtourist_dao.class.singleton.php
 |  | response 200
01/12/16 04:59:53 PM | ERROR: [8] Undefined variable: fields
Notice on line 52 in file /home/jorge/projects/photoTourist_framework_v2_prettyurls/modules/camtourist/model/DAO/camtourist_dao.class.singleton.php
 |  | response 200
01/12/16 05:01:13 PM | ERROR: [8] Undefined variable: fields
Notice on line 52 in file /home/jorge/projects/photoTourist_framework_v2_prettyurls/modules/camtourist/model/DAO/camtourist_dao.class.singleton.php
 |  | response 200
01/12/16 05:01:57 PM | ERROR: [8] Undefined variable: fields
Notice on line 52 in file /home/jorge/projects/photoTourist_framework_v2_prettyurls/modules/camtourist/model/DAO/camtourist_dao.class.singleton.php
 |  | response 200
01/12/16 05:06:16 PM | ERROR: [8] Undefined variable: fields
Notice on line 52 in file /home/jorge/projects/photoTourist_framework_v2_prettyurls/modules/camtourist/model/DAO/camtourist_dao.class.singleton.php
 |  | response 200
01/12/16 05:06:23 PM | ERROR: [8] Undefined variable: fields
Notice on line 52 in file /home/jorge/projects/photoTourist_framework_v2_prettyurls/modules/camtourist/model/DAO/camtourist_dao.class.singleton.php
 |  | response 200
01/12/16 05:07:14 PM | ERROR: [8] Undefined variable: fields
Notice on line 52 in file /home/jorge/projects/photoTourist_framework_v2_prettyurls/modules/camtourist/model/DAO/camtourist_dao.class.singleton.php
 |  | response 200
01/12/16 05:07:50 PM | ERROR: [8] Undefined variable: fields
Notice on line 52 in file /home/jorge/projects/photoTourist_framework_v2_prettyurls/modules/camtourist/model/DAO/camtourist_dao.class.singleton.php
 |  | response 200
01/12/16 05:11:06 PM | ERROR: [8] Undefined variable: fields
Notice on line 52 in file /home/jorge/projects/photoTourist_framework_v2_prettyurls/modules/camtourist/model/DAO/camtourist_dao.class.singleton.php
 |  | response 200
01/12/16 05:11:35 PM | ERROR: [8] Undefined variable: fields
Notice on line 52 in file /home/jorge/projects/photoTourist_framework_v2_prettyurls/modules/camtourist/model/DAO/camtourist_dao.class.singleton.php
 |  | response 200
01/12/16 05:13:22 PM | ERROR: [8] Undefined variable: fields
Notice on line 52 in file /home/jorge/projects/photoTourist_framework_v2_prettyurls/modules/camtourist/model/DAO/camtourist_dao.class.singleton.php
 |  | response 200
01/12/16 05:13:35 PM | ERROR: [8] Undefined variable: fields
Notice on line 52 in file /home/jorge/projects/photoTourist_framework_v2_prettyurls/modules/camtourist/model/DAO/camtourist_dao.class.singleton.php
 |  | response 200
01/12/16 05:14:42 PM | ERROR: [8] Undefined variable: fields
Notice on line 52 in file /home/jorge/projects/photoTourist_framework_v2_prettyurls/modules/camtourist/model/DAO/camtourist_dao.class.singleton.php
 |  | response 200
01/12/16 05:15:11 PM | ERROR: [8] Undefined variable: fields
Notice on line 52 in file /home/jorge/projects/photoTourist_framework_v2_prettyurls/modules/camtourist/model/DAO/camtourist_dao.class.singleton.php
 |  | response 200
04/12/16 09:29:08 PM | error loadView general | productsfe | response 200
